2022-11-15 12:48:18.9047 DEBUG Hosting starting
2022-11-15 12:48:19.1334 INFO User profile is available. Using 'C:\Users\world\AppData\Local\ASP.NET\DataProtection-Keys' as key repository and Windows DPAPI to encrypt keys at rest.
2022-11-15 12:48:19.1646 DEBUG Reading data from file 'C:\Users\world\AppData\Local\ASP.NET\DataProtection-Keys\key-466e9856-e694-4e5b-8f46-c435783b298d.xml'.
2022-11-15 12:48:19.2147 DEBUG Found key {466e9856-e694-4e5b-8f46-c435783b298d}.
2022-11-15 12:48:19.2354 DEBUG Considering key {466e9856-e694-4e5b-8f46-c435783b298d} with expiration date 2023-01-19 10:47:02Z as default key.
2022-11-15 12:48:19.4038 DEBUG Forwarded activator type request from Microsoft.AspNetCore.DataProtection.XmlEncryption.DpapiXmlDecryptor, Microsoft.AspNetCore.DataProtection, Version=3.1.30.0, Culture=neutral, PublicKeyToken=adb9793829ddae60 to Microsoft.AspNetCore.DataProtection.XmlEncryption.DpapiXmlDecryptor, Microsoft.AspNetCore.DataProtection, Culture=neutral, PublicKeyToken=adb9793829ddae60
2022-11-15 12:48:19.4038 DEBUG Decrypting secret element using Windows DPAPI.
2022-11-15 12:48:19.4092 DEBUG Forwarded activator type request from Microsoft.AspNetCore.DataProtection.AuthenticatedEncryption.ConfigurationModel.AuthenticatedEncryptorDescriptorDeserializer, Microsoft.AspNetCore.DataProtection, Version=3.1.30.0, Culture=neutral, PublicKeyToken=adb9793829ddae60 to Microsoft.AspNetCore.DataProtection.AuthenticatedEncryption.ConfigurationModel.AuthenticatedEncryptorDescriptorDeserializer, Microsoft.AspNetCore.DataProtection, Culture=neutral, PublicKeyToken=adb9793829ddae60
2022-11-15 12:48:19.4092 DEBUG Opening CNG algorithm 'AES' from provider '(null)' with chaining mode CBC.
2022-11-15 12:48:19.4276 DEBUG Opening CNG algorithm 'SHA256' from provider '(null)' with HMAC.
2022-11-15 12:48:19.4276 DEBUG Using key {466e9856-e694-4e5b-8f46-c435783b298d} as the default key.
2022-11-15 12:48:19.4276 DEBUG Key ring with default key {466e9856-e694-4e5b-8f46-c435783b298d} was loaded during application startup.
2022-11-15 12:48:21.1961 DEBUG Loaded hosting startup assembly FundooNoteApp
2022-11-15 12:48:21.1961 DEBUG Loaded hosting startup assembly Microsoft.AspNetCore.Watch.BrowserRefresh
2022-11-15 12:48:21.1961 DEBUG Loaded hosting startup assembly Microsoft.WebTools.BrowserLink.Net
2022-11-15 12:48:21.1961 INFO Application started. Press Ctrl+C to shut down.
2022-11-15 12:48:21.1961 INFO Hosting environment: Development
2022-11-15 12:48:21.1961 INFO Content root path: E:\CFP201\FundooNoteApp
2022-11-15 12:48:21.1961 DEBUG Hosting started
2022-11-15 12:48:21.6779 INFO Request starting HTTP/2.0 GET https://localhost:44377/weatherforecast  
2022-11-15 12:48:21.7749 DEBUG Wildcard detected, all requests with hosts will be allowed.
2022-11-15 12:48:21.7749 TRACE All hosts are allowed.
2022-11-15 12:48:21.8988 DEBUG 1 candidate(s) found for the request path '/weatherforecast'
2022-11-15 12:48:21.8988 DEBUG Endpoint 'FundooNoteApp.Controllers.WeatherForecastController.Get (FundooNoteApp)' with route pattern 'WeatherForecast' is valid for the request path '/weatherforecast'
2022-11-15 12:48:21.8988 DEBUG Request matched endpoint 'FundooNoteApp.Controllers.WeatherForecastController.Get (FundooNoteApp)'
2022-11-15 12:48:23.0644 DEBUG AuthenticationScheme: Bearer was not authenticated.
2022-11-15 12:48:23.0680 INFO Executing endpoint 'FundooNoteApp.Controllers.WeatherForecastController.Get (FundooNoteApp)'
2022-11-15 12:48:23.0680 DEBUG Registered model binder providers, in the following order: Microsoft.AspNetCore.Mvc.ModelBinding.Binders.BinderTypeModelBinderProvider, Microsoft.AspNetCore.Mvc.ModelBinding.Binders.ServicesModelBinderProvider, Microsoft.AspNetCore.Mvc.ModelBinding.Binders.BodyModelBinderProvider, Microsoft.AspNetCore.Mvc.ModelBinding.Binders.HeaderModelBinderProvider, Microsoft.AspNetCore.Mvc.ModelBinding.Binders.FloatingPointTypeModelBinderProvider, Microsoft.AspNetCore.Mvc.ModelBinding.Binders.EnumTypeModelBinderProvider, Microsoft.AspNetCore.Mvc.ModelBinding.Binders.SimpleTypeModelBinderProvider, Microsoft.AspNetCore.Mvc.ModelBinding.Binders.CancellationTokenModelBinderProvider, Microsoft.AspNetCore.Mvc.ModelBinding.Binders.ByteArrayModelBinderProvider, Microsoft.AspNetCore.Mvc.ModelBinding.Binders.FormFileModelBinderProvider, Microsoft.AspNetCore.Mvc.ModelBinding.Binders.FormCollectionModelBinderProvider, Microsoft.AspNetCore.Mvc.ModelBinding.Binders.KeyValuePairModelBinderProvider, Microsoft.AspNetCore.Mvc.ModelBinding.Binders.DictionaryModelBinderProvider, Microsoft.AspNetCore.Mvc.ModelBinding.Binders.ArrayModelBinderProvider, Microsoft.AspNetCore.Mvc.ModelBinding.Binders.CollectionModelBinderProvider, Microsoft.AspNetCore.Mvc.ModelBinding.Binders.ComplexTypeModelBinderProvider
2022-11-15 12:48:23.1029 INFO Route matched with {action = "Get", controller = "WeatherForecast"}. Executing controller action with signature System.Collections.Generic.IEnumerable`1[FundooNoteApp.WeatherForecast] Get() on controller FundooNoteApp.Controllers.WeatherForecastController (FundooNoteApp).
2022-11-15 12:48:23.1029 DEBUG Execution plan of authorization filters (in the following order): None
2022-11-15 12:48:23.1029 DEBUG Execution plan of resource filters (in the following order): None
2022-11-15 12:48:23.1029 DEBUG Execution plan of action filters (in the following order): Microsoft.AspNetCore.Mvc.ModelBinding.UnsupportedContentTypeFilter (Order: -3000), Microsoft.AspNetCore.Mvc.Infrastructure.ModelStateInvalidFilter (Order: -2000)
2022-11-15 12:48:23.1029 DEBUG Execution plan of exception filters (in the following order): None
2022-11-15 12:48:23.1029 DEBUG Execution plan of result filters (in the following order): Microsoft.AspNetCore.Mvc.Infrastructure.ClientErrorResultFilter (Order: -2000)
2022-11-15 12:48:23.1029 DEBUG Executing controller factory for controller FundooNoteApp.Controllers.WeatherForecastController (FundooNoteApp)
2022-11-15 12:48:23.1112 DEBUG Executed controller factory for controller FundooNoteApp.Controllers.WeatherForecastController (FundooNoteApp)
2022-11-15 12:48:23.1112 TRACE Action Filter: Before executing OnActionExecuting on filter Microsoft.AspNetCore.Mvc.ModelBinding.UnsupportedContentTypeFilter.
2022-11-15 12:48:23.1112 TRACE Action Filter: After executing OnActionExecuting on filter Microsoft.AspNetCore.Mvc.ModelBinding.UnsupportedContentTypeFilter.
2022-11-15 12:48:23.1112 TRACE Action Filter: Before executing OnActionExecuting on filter Microsoft.AspNetCore.Mvc.Infrastructure.ModelStateInvalidFilter.
2022-11-15 12:48:23.1112 TRACE Action Filter: After executing OnActionExecuting on filter Microsoft.AspNetCore.Mvc.Infrastructure.ModelStateInvalidFilter.
2022-11-15 12:48:23.1112 INFO Executing action method FundooNoteApp.Controllers.WeatherForecastController.Get (FundooNoteApp) - Validation state: Valid
2022-11-15 12:48:23.1274 INFO Executed action method FundooNoteApp.Controllers.WeatherForecastController.Get (FundooNoteApp), returned result Microsoft.AspNetCore.Mvc.ObjectResult in 4.6052ms.
2022-11-15 12:48:23.1274 TRACE Action Filter: Before executing OnActionExecuted on filter Microsoft.AspNetCore.Mvc.Infrastructure.ModelStateInvalidFilter.
2022-11-15 12:48:23.1274 TRACE Action Filter: After executing OnActionExecuted on filter Microsoft.AspNetCore.Mvc.Infrastructure.ModelStateInvalidFilter.
2022-11-15 12:48:23.1274 TRACE Action Filter: Before executing OnActionExecuted on filter Microsoft.AspNetCore.Mvc.ModelBinding.UnsupportedContentTypeFilter.
2022-11-15 12:48:23.1274 TRACE Action Filter: After executing OnActionExecuted on filter Microsoft.AspNetCore.Mvc.ModelBinding.UnsupportedContentTypeFilter.
2022-11-15 12:48:23.1274 TRACE Result Filter: Before executing OnResultExecuting on filter Microsoft.AspNetCore.Mvc.Infrastructure.ClientErrorResultFilter.
2022-11-15 12:48:23.1274 TRACE Result Filter: After executing OnResultExecuting on filter Microsoft.AspNetCore.Mvc.Infrastructure.ClientErrorResultFilter.
2022-11-15 12:48:23.1274 TRACE Before executing action result Microsoft.AspNetCore.Mvc.ObjectResult.
2022-11-15 12:48:23.1274 DEBUG List of registered output formatters, in the following order: Microsoft.AspNetCore.Mvc.Formatters.HttpNoContentOutputFormatter, Microsoft.AspNetCore.Mvc.Formatters.StringOutputFormatter, Microsoft.AspNetCore.Mvc.Formatters.StreamOutputFormatter, Microsoft.AspNetCore.Mvc.Formatters.SystemTextJsonOutputFormatter
2022-11-15 12:48:23.1274 DEBUG No information found on request to perform content negotiation.
2022-11-15 12:48:23.1274 DEBUG Attempting to select an output formatter without using a content type as no explicit content types were specified for the response.
2022-11-15 12:48:23.1274 DEBUG Attempting to select the first formatter in the output formatters list which can write the result.
2022-11-15 12:48:23.1274 DEBUG Selected output formatter 'Microsoft.AspNetCore.Mvc.Formatters.SystemTextJsonOutputFormatter' and content type 'application/json' to write the response.
2022-11-15 12:48:23.1274 INFO Executing ObjectResult, writing value of type 'FundooNoteApp.WeatherForecast[]'.
2022-11-15 12:48:23.2108 INFO Request starting HTTP/2.0 GET https://localhost:44377/swagger/index.html  
2022-11-15 12:48:23.2108 TRACE All hosts are allowed.
2022-11-15 12:48:23.2108 DEBUG No candidates found for the request path '/swagger/index.html'
2022-11-15 12:48:23.2108 DEBUG Request did not match any endpoints
2022-11-15 12:48:23.2108 DEBUG AuthenticationScheme: Bearer was not authenticated.
2022-11-15 12:48:23.2680 TRACE After executing action result Microsoft.AspNetCore.Mvc.ObjectResult.
2022-11-15 12:48:23.2680 TRACE Result Filter: Before executing OnResultExecuted on filter Microsoft.AspNetCore.Mvc.Infrastructure.ClientErrorResultFilter.
2022-11-15 12:48:23.2680 TRACE Result Filter: After executing OnResultExecuted on filter Microsoft.AspNetCore.Mvc.Infrastructure.ClientErrorResultFilter.
2022-11-15 12:48:23.3819 DEBUG Connection ID "18086456105130524673" disconnecting.
2022-11-15 12:48:23.4093 INFO Executed action FundooNoteApp.Controllers.WeatherForecastController.Get (FundooNoteApp) in 275.5574ms
2022-11-15 12:48:23.4093 INFO Executed endpoint 'FundooNoteApp.Controllers.WeatherForecastController.Get (FundooNoteApp)'
2022-11-15 12:48:23.4093 INFO Request finished in 1745.9275ms 200 application/json; charset=utf-8
2022-11-15 12:48:23.4266 DEBUG Response markup is scheduled to include browser refresh script injection.
2022-11-15 12:48:23.9782 DEBUG Response markup was updated to include browser refresh script injection.
2022-11-15 12:48:23.9782 INFO Request finished in 772.0281ms 200 text/html;charset=utf-8
2022-11-15 12:48:23.9998 INFO Request starting HTTP/2.0 GET https://localhost:44377/_framework/aspnetcore-browser-refresh.js  
2022-11-15 12:48:24.0428 INFO Request finished in 42.9944ms 200 application/javascript; charset=utf-8
2022-11-15 12:48:24.6009 INFO Request starting HTTP/2.0 GET https://localhost:44377/swagger/v1/swagger.json  
2022-11-15 12:48:24.6009 TRACE All hosts are allowed.
2022-11-15 12:48:24.6009 DEBUG No candidates found for the request path '/swagger/v1/swagger.json'
2022-11-15 12:48:24.6009 DEBUG Request did not match any endpoints
2022-11-15 12:48:24.6151 DEBUG AuthenticationScheme: Bearer was not authenticated.
2022-11-15 12:48:24.9746 INFO Request finished in 373.9528ms 200 application/json;charset=utf-8
2022-11-15 12:48:54.7429 INFO Request starting HTTP/2.0 OPTIONS https://localhost:44377/api/User/ForgetPasword?email=undefined  
2022-11-15 12:48:54.7429 TRACE All hosts are allowed.
2022-11-15 12:48:54.7429 DEBUG 1 candidate(s) found for the request path '/api/User/ForgetPasword'
2022-11-15 12:48:54.7500 DEBUG Request matched endpoint '405 HTTP Method Not Supported'
2022-11-15 12:48:54.7500 DEBUG The request has an origin header: 'http://localhost:4200'.
2022-11-15 12:48:54.7500 INFO CORS policy execution successful.
2022-11-15 12:48:54.7500 DEBUG The request is a preflight request.
2022-11-15 12:48:54.7500 INFO Request finished in 13.4607ms 204 
2022-11-15 12:48:54.7500 DEBUG Connection ID "18086456105130524676" disconnecting.
2022-11-15 12:48:54.7500 INFO Request starting HTTP/2.0 POST https://localhost:44377/api/User/ForgetPasword?email=undefined application/json 57
2022-11-15 12:48:54.7500 TRACE All hosts are allowed.
2022-11-15 12:48:54.7682 DEBUG 1 candidate(s) found for the request path '/api/User/ForgetPasword'
2022-11-15 12:48:54.7682 DEBUG Endpoint 'FundooNoteApp.Controllers.UserController.ForgetPassword (FundooNoteApp)' with route pattern 'api/User/ForgetPasword' is valid for the request path '/api/User/ForgetPasword'
2022-11-15 12:48:54.7682 DEBUG Request matched endpoint 'FundooNoteApp.Controllers.UserController.ForgetPassword (FundooNoteApp)'
2022-11-15 12:48:54.7682 DEBUG The request has an origin header: 'http://localhost:4200'.
2022-11-15 12:48:54.7682 INFO CORS policy execution successful.
2022-11-15 12:48:54.7682 DEBUG AuthenticationScheme: Bearer was not authenticated.
2022-11-15 12:48:54.7682 INFO Executing endpoint 'FundooNoteApp.Controllers.UserController.ForgetPassword (FundooNoteApp)'
2022-11-15 12:48:54.7901 INFO Route matched with {action = "ForgetPassword", controller = "User"}. Executing controller action with signature Microsoft.AspNetCore.Mvc.IActionResult ForgetPassword(System.String) on controller FundooNoteApp.Controllers.UserController (FundooNoteApp).
2022-11-15 12:48:54.7901 DEBUG Execution plan of authorization filters (in the following order): None
2022-11-15 12:48:54.7901 DEBUG Execution plan of resource filters (in the following order): None
2022-11-15 12:48:54.7901 DEBUG Execution plan of action filters (in the following order): Microsoft.AspNetCore.Mvc.ModelBinding.UnsupportedContentTypeFilter (Order: -3000), Microsoft.AspNetCore.Mvc.Infrastructure.ModelStateInvalidFilter (Order: -2000)
2022-11-15 12:48:54.7901 DEBUG Execution plan of exception filters (in the following order): None
2022-11-15 12:48:54.7901 DEBUG Execution plan of result filters (in the following order): Microsoft.AspNetCore.Mvc.Infrastructure.ClientErrorResultFilter (Order: -2000)
2022-11-15 12:48:54.7901 DEBUG Executing controller factory for controller FundooNoteApp.Controllers.UserController (FundooNoteApp)
2022-11-15 12:48:55.2569 DEBUG An 'IServiceProvider' was created for internal use by Entity Framework.
2022-11-15 12:48:55.2808 DEBUG Executed controller factory for controller FundooNoteApp.Controllers.UserController (FundooNoteApp)
2022-11-15 12:48:55.2808 DEBUG Attempting to bind parameter 'email' of type 'System.String' ...
2022-11-15 12:48:55.2808 DEBUG Attempting to bind parameter 'email' of type 'System.String' using the name 'email' in request data ...
2022-11-15 12:48:55.2808 DEBUG Done attempting to bind parameter 'email' of type 'System.String'.
2022-11-15 12:48:55.2808 DEBUG Done attempting to bind parameter 'email' of type 'System.String'.
2022-11-15 12:48:55.2808 DEBUG Attempting to validate the bound parameter 'email' of type 'System.String' ...
2022-11-15 12:48:55.2958 DEBUG Done attempting to validate the bound parameter 'email' of type 'System.String'.
2022-11-15 12:48:55.2958 TRACE Action Filter: Before executing OnActionExecuting on filter Microsoft.AspNetCore.Mvc.ModelBinding.UnsupportedContentTypeFilter.
2022-11-15 12:48:55.2958 TRACE Action Filter: After executing OnActionExecuting on filter Microsoft.AspNetCore.Mvc.ModelBinding.UnsupportedContentTypeFilter.
2022-11-15 12:48:55.2958 TRACE Action Filter: Before executing OnActionExecuting on filter Microsoft.AspNetCore.Mvc.Infrastructure.ModelStateInvalidFilter.
2022-11-15 12:48:55.2958 TRACE Action Filter: After executing OnActionExecuting on filter Microsoft.AspNetCore.Mvc.Infrastructure.ModelStateInvalidFilter.
2022-11-15 12:48:55.2958 INFO Executing action method FundooNoteApp.Controllers.UserController.ForgetPassword (FundooNoteApp) - Validation state: Valid
2022-11-15 12:48:55.2958 TRACE Executing action method FundooNoteApp.Controllers.UserController.ForgetPassword (FundooNoteApp) with arguments (undefined)
2022-11-15 12:48:55.9397 INFO Entity Framework Core 3.1.0 initialized 'FundooContext' using provider 'Microsoft.EntityFrameworkCore.SqlServer' with options: None
2022-11-15 12:48:56.1572 DEBUG queryContext => new QueryingEnumerable<UserEntity>(
    (RelationalQueryContext)queryContext, 
    RelationalCommandCache, 
    null, 
    null, 
    Func<QueryContext, DbDataReader, ResultContext, int[], ResultCoordinator, UserEntity>, 
    RepositoryLayer.Context.FundooContext, 
    DiagnosticsLogger<Query>
)
    .SingleOrDefault()
2022-11-15 12:48:56.1855 DEBUG Creating DbCommand for 'ExecuteReader'.
2022-11-15 12:48:56.6696 DEBUG Created DbCommand for 'ExecuteReader' (480ms).
2022-11-15 12:48:56.6828 DEBUG Opening connection to database 'FundooDB' on server '(localdb)\MSSQLLocalDB'.
2022-11-15 12:48:58.1602 DEBUG Opened connection to database 'FundooDB' on server '(localdb)\MSSQLLocalDB'.
2022-11-15 12:48:58.1789 DEBUG Executing DbCommand [Parameters=[@__email_0='?' (Size = 4000)], CommandType='Text', CommandTimeout='30']
SELECT TOP(1) [u].[UserId], [u].[Email], [u].[FirstName], [u].[LastName], [u].[Password]
FROM [Usertable] AS [u]
WHERE [u].[Email] = @__email_0
2022-11-15 12:48:58.2527 INFO Executed DbCommand (85ms) [Parameters=[@__email_0='?' (Size = 4000)], CommandType='Text', CommandTimeout='30']
SELECT TOP(1) [u].[UserId], [u].[Email], [u].[FirstName], [u].[LastName], [u].[Password]
FROM [Usertable] AS [u]
WHERE [u].[Email] = @__email_0
2022-11-15 12:48:58.2658 DEBUG A data reader was disposed.
2022-11-15 12:48:58.2658 DEBUG Closing connection to database 'FundooDB' on server '(localdb)\MSSQLLocalDB'.
2022-11-15 12:48:58.2658 DEBUG Closed connection to database 'FundooDB' on server '(localdb)\MSSQLLocalDB'.
2022-11-15 12:48:58.2658 INFO Reset Unsuccessful
2022-11-15 12:48:58.2658 INFO Executed action method FundooNoteApp.Controllers.UserController.ForgetPassword (FundooNoteApp), returned result Microsoft.AspNetCore.Mvc.BadRequestObjectResult in 2977.6873ms.
2022-11-15 12:48:58.2658 TRACE Action Filter: Before executing OnActionExecuted on filter Microsoft.AspNetCore.Mvc.Infrastructure.ModelStateInvalidFilter.
2022-11-15 12:48:58.2658 TRACE Action Filter: After executing OnActionExecuted on filter Microsoft.AspNetCore.Mvc.Infrastructure.ModelStateInvalidFilter.
2022-11-15 12:48:58.2658 TRACE Action Filter: Before executing OnActionExecuted on filter Microsoft.AspNetCore.Mvc.ModelBinding.UnsupportedContentTypeFilter.
2022-11-15 12:48:58.2658 TRACE Action Filter: After executing OnActionExecuted on filter Microsoft.AspNetCore.Mvc.ModelBinding.UnsupportedContentTypeFilter.
2022-11-15 12:48:58.2658 TRACE Result Filter: Before executing OnResultExecuting on filter Microsoft.AspNetCore.Mvc.Infrastructure.ClientErrorResultFilter.
2022-11-15 12:48:58.2658 TRACE Result Filter: After executing OnResultExecuting on filter Microsoft.AspNetCore.Mvc.Infrastructure.ClientErrorResultFilter.
2022-11-15 12:48:58.2658 TRACE Before executing action result Microsoft.AspNetCore.Mvc.BadRequestObjectResult.
2022-11-15 12:48:58.2658 DEBUG List of registered output formatters, in the following order: Microsoft.AspNetCore.Mvc.Formatters.HttpNoContentOutputFormatter, Microsoft.AspNetCore.Mvc.Formatters.StringOutputFormatter, Microsoft.AspNetCore.Mvc.Formatters.StreamOutputFormatter, Microsoft.AspNetCore.Mvc.Formatters.SystemTextJsonOutputFormatter
2022-11-15 12:48:58.2658 DEBUG No information found on request to perform content negotiation.
2022-11-15 12:48:58.2658 DEBUG Attempting to select an output formatter without using a content type as no explicit content types were specified for the response.
2022-11-15 12:48:58.2658 DEBUG Attempting to select the first formatter in the output formatters list which can write the result.
2022-11-15 12:48:58.2658 DEBUG Selected output formatter 'Microsoft.AspNetCore.Mvc.Formatters.SystemTextJsonOutputFormatter' and content type 'application/json' to write the response.
2022-11-15 12:48:58.2658 INFO Executing ObjectResult, writing value of type '<>f__AnonymousType3`2[[System.Boolean, System.Private.CoreLib, Version=4.0.0.0, Culture=neutral, PublicKeyToken=7cec85d7bea7798e],[System.String, System.Private.CoreLib, Version=4.0.0.0, Culture=neutral, PublicKeyToken=7cec85d7bea7798e]]'.
2022-11-15 12:48:58.2809 TRACE After executing action result Microsoft.AspNetCore.Mvc.BadRequestObjectResult.
2022-11-15 12:48:58.2809 TRACE Result Filter: Before executing OnResultExecuted on filter Microsoft.AspNetCore.Mvc.Infrastructure.ClientErrorResultFilter.
2022-11-15 12:48:58.2809 TRACE Result Filter: After executing OnResultExecuted on filter Microsoft.AspNetCore.Mvc.Infrastructure.ClientErrorResultFilter.
2022-11-15 12:48:58.2809 INFO Executed action FundooNoteApp.Controllers.UserController.ForgetPassword (FundooNoteApp) in 3490.6976ms
2022-11-15 12:48:58.2809 INFO Executed endpoint 'FundooNoteApp.Controllers.UserController.ForgetPassword (FundooNoteApp)'
2022-11-15 12:48:58.2809 DEBUG 'FundooContext' disposed.
2022-11-15 12:48:58.2809 INFO Request finished in 3527.6107ms 400 application/json; charset=utf-8
2022-11-15 12:54:10.3408 INFO Request starting HTTP/2.0 OPTIONS https://localhost:44377/api/User/ForgetPasword?email=vighneshmundhe7@gmail.com  
2022-11-15 12:54:10.3408 TRACE All hosts are allowed.
2022-11-15 12:54:10.3408 DEBUG 1 candidate(s) found for the request path '/api/User/ForgetPasword'
2022-11-15 12:54:10.3408 DEBUG Request matched endpoint '405 HTTP Method Not Supported'
2022-11-15 12:54:10.3408 DEBUG The request has an origin header: 'http://localhost:4200'.
2022-11-15 12:54:10.3408 INFO CORS policy execution successful.
2022-11-15 12:54:10.3408 DEBUG The request is a preflight request.
2022-11-15 12:54:10.3408 INFO Request finished in 4.2669ms 204 
2022-11-15 12:54:10.3408 DEBUG Connection ID "18302628895834243077" disconnecting.
2022-11-15 12:54:10.3535 INFO Request starting HTTP/2.0 POST https://localhost:44377/api/User/ForgetPasword?email=vighneshmundhe7@gmail.com application/json 57
2022-11-15 12:54:10.3535 TRACE All hosts are allowed.
2022-11-15 12:54:10.3535 DEBUG 1 candidate(s) found for the request path '/api/User/ForgetPasword'
2022-11-15 12:54:10.3535 DEBUG Endpoint 'FundooNoteApp.Controllers.UserController.ForgetPassword (FundooNoteApp)' with route pattern 'api/User/ForgetPasword' is valid for the request path '/api/User/ForgetPasword'
2022-11-15 12:54:10.3535 DEBUG Request matched endpoint 'FundooNoteApp.Controllers.UserController.ForgetPassword (FundooNoteApp)'
2022-11-15 12:54:10.3535 DEBUG The request has an origin header: 'http://localhost:4200'.
2022-11-15 12:54:10.3535 INFO CORS policy execution successful.
2022-11-15 12:54:10.3535 DEBUG AuthenticationScheme: Bearer was not authenticated.
2022-11-15 12:54:10.3535 INFO Executing endpoint 'FundooNoteApp.Controllers.UserController.ForgetPassword (FundooNoteApp)'
2022-11-15 12:54:10.3535 INFO Route matched with {action = "ForgetPassword", controller = "User"}. Executing controller action with signature Microsoft.AspNetCore.Mvc.IActionResult ForgetPassword(System.String) on controller FundooNoteApp.Controllers.UserController (FundooNoteApp).
2022-11-15 12:54:10.3535 DEBUG Execution plan of authorization filters (in the following order): None
2022-11-15 12:54:10.3535 DEBUG Execution plan of resource filters (in the following order): None
2022-11-15 12:54:10.3535 DEBUG Execution plan of action filters (in the following order): Microsoft.AspNetCore.Mvc.ModelBinding.UnsupportedContentTypeFilter (Order: -3000), Microsoft.AspNetCore.Mvc.Infrastructure.ModelStateInvalidFilter (Order: -2000)
2022-11-15 12:54:10.3535 DEBUG Execution plan of exception filters (in the following order): None
2022-11-15 12:54:10.3535 DEBUG Execution plan of result filters (in the following order): Microsoft.AspNetCore.Mvc.Infrastructure.ClientErrorResultFilter (Order: -2000)
2022-11-15 12:54:10.3535 DEBUG Executing controller factory for controller FundooNoteApp.Controllers.UserController (FundooNoteApp)
2022-11-15 12:54:10.3535 DEBUG Executed controller factory for controller FundooNoteApp.Controllers.UserController (FundooNoteApp)
2022-11-15 12:54:10.3535 DEBUG Attempting to bind parameter 'email' of type 'System.String' ...
2022-11-15 12:54:10.3613 DEBUG Attempting to bind parameter 'email' of type 'System.String' using the name 'email' in request data ...
2022-11-15 12:54:10.3613 DEBUG Done attempting to bind parameter 'email' of type 'System.String'.
2022-11-15 12:54:10.3613 DEBUG Done attempting to bind parameter 'email' of type 'System.String'.
2022-11-15 12:54:10.3613 DEBUG Attempting to validate the bound parameter 'email' of type 'System.String' ...
2022-11-15 12:54:10.3613 DEBUG Done attempting to validate the bound parameter 'email' of type 'System.String'.
2022-11-15 12:54:10.3613 TRACE Action Filter: Before executing OnActionExecuting on filter Microsoft.AspNetCore.Mvc.ModelBinding.UnsupportedContentTypeFilter.
2022-11-15 12:54:10.3613 TRACE Action Filter: After executing OnActionExecuting on filter Microsoft.AspNetCore.Mvc.ModelBinding.UnsupportedContentTypeFilter.
2022-11-15 12:54:10.3613 TRACE Action Filter: Before executing OnActionExecuting on filter Microsoft.AspNetCore.Mvc.Infrastructure.ModelStateInvalidFilter.
2022-11-15 12:54:10.3613 TRACE Action Filter: After executing OnActionExecuting on filter Microsoft.AspNetCore.Mvc.Infrastructure.ModelStateInvalidFilter.
2022-11-15 12:54:10.3613 INFO Executing action method FundooNoteApp.Controllers.UserController.ForgetPassword (FundooNoteApp) - Validation state: Valid
2022-11-15 12:54:10.3613 TRACE Executing action method FundooNoteApp.Controllers.UserController.ForgetPassword (FundooNoteApp) with arguments (vighneshmundhe7@gmail.com)
2022-11-15 12:54:10.4168 INFO Entity Framework Core 3.1.0 initialized 'FundooContext' using provider 'Microsoft.EntityFrameworkCore.SqlServer' with options: None
2022-11-15 12:54:10.4168 DEBUG Creating DbCommand for 'ExecuteReader'.
2022-11-15 12:54:10.4168 DEBUG Created DbCommand for 'ExecuteReader' (0ms).
2022-11-15 12:54:10.4168 DEBUG Opening connection to database 'FundooDB' on server '(localdb)\MSSQLLocalDB'.
2022-11-15 12:54:10.4168 DEBUG Opened connection to database 'FundooDB' on server '(localdb)\MSSQLLocalDB'.
2022-11-15 12:54:10.4168 DEBUG Executing DbCommand [Parameters=[@__email_0='?' (Size = 4000)], CommandType='Text', CommandTimeout='30']
SELECT TOP(1) [u].[UserId], [u].[Email], [u].[FirstName], [u].[LastName], [u].[Password]
FROM [Usertable] AS [u]
WHERE [u].[Email] = @__email_0
2022-11-15 12:54:10.4382 INFO Executed DbCommand (16ms) [Parameters=[@__email_0='?' (Size = 4000)], CommandType='Text', CommandTimeout='30']
SELECT TOP(1) [u].[UserId], [u].[Email], [u].[FirstName], [u].[LastName], [u].[Password]
FROM [Usertable] AS [u]
WHERE [u].[Email] = @__email_0
2022-11-15 12:54:10.4922 DEBUG Context 'FundooContext' started tracking 'UserEntity' entity. Consider using 'DbContextOptionsBuilder.EnableSensitiveDataLogging' to see key values.
2022-11-15 12:54:10.5253 DEBUG A data reader was disposed.
2022-11-15 12:54:10.5253 DEBUG Closing connection to database 'FundooDB' on server '(localdb)\MSSQLLocalDB'.
2022-11-15 12:54:10.5253 DEBUG Closed connection to database 'FundooDB' on server '(localdb)\MSSQLLocalDB'.
2022-11-15 12:54:11.2517 INFO Reset Mail Send
2022-11-15 12:54:11.2531 INFO Executed action method FundooNoteApp.Controllers.UserController.ForgetPassword (FundooNoteApp), returned result Microsoft.AspNetCore.Mvc.OkObjectResult in 890.6188ms.
2022-11-15 12:54:11.2531 TRACE Action Filter: Before executing OnActionExecuted on filter Microsoft.AspNetCore.Mvc.Infrastructure.ModelStateInvalidFilter.
2022-11-15 12:54:11.2531 TRACE Action Filter: After executing OnActionExecuted on filter Microsoft.AspNetCore.Mvc.Infrastructure.ModelStateInvalidFilter.
2022-11-15 12:54:11.2531 TRACE Action Filter: Before executing OnActionExecuted on filter Microsoft.AspNetCore.Mvc.ModelBinding.UnsupportedContentTypeFilter.
2022-11-15 12:54:11.2531 TRACE Action Filter: After executing OnActionExecuted on filter Microsoft.AspNetCore.Mvc.ModelBinding.UnsupportedContentTypeFilter.
2022-11-15 12:54:11.2531 TRACE Result Filter: Before executing OnResultExecuting on filter Microsoft.AspNetCore.Mvc.Infrastructure.ClientErrorResultFilter.
2022-11-15 12:54:11.2531 TRACE Result Filter: After executing OnResultExecuting on filter Microsoft.AspNetCore.Mvc.Infrastructure.ClientErrorResultFilter.
2022-11-15 12:54:11.2531 TRACE Before executing action result Microsoft.AspNetCore.Mvc.OkObjectResult.
2022-11-15 12:54:11.2531 DEBUG List of registered output formatters, in the following order: Microsoft.AspNetCore.Mvc.Formatters.HttpNoContentOutputFormatter, Microsoft.AspNetCore.Mvc.Formatters.StringOutputFormatter, Microsoft.AspNetCore.Mvc.Formatters.StreamOutputFormatter, Microsoft.AspNetCore.Mvc.Formatters.SystemTextJsonOutputFormatter
2022-11-15 12:54:11.2531 DEBUG No information found on request to perform content negotiation.
2022-11-15 12:54:11.2531 DEBUG Attempting to select an output formatter without using a content type as no explicit content types were specified for the response.
2022-11-15 12:54:11.2531 DEBUG Attempting to select the first formatter in the output formatters list which can write the result.
2022-11-15 12:54:11.2531 DEBUG Selected output formatter 'Microsoft.AspNetCore.Mvc.Formatters.SystemTextJsonOutputFormatter' and content type 'application/json' to write the response.
2022-11-15 12:54:11.2531 INFO Executing ObjectResult, writing value of type '<>f__AnonymousType3`2[[System.Boolean, System.Private.CoreLib, Version=4.0.0.0, Culture=neutral, PublicKeyToken=7cec85d7bea7798e],[System.String, System.Private.CoreLib, Version=4.0.0.0, Culture=neutral, PublicKeyToken=7cec85d7bea7798e]]'.
2022-11-15 12:54:11.2531 TRACE After executing action result Microsoft.AspNetCore.Mvc.OkObjectResult.
2022-11-15 12:54:11.2531 TRACE Result Filter: Before executing OnResultExecuted on filter Microsoft.AspNetCore.Mvc.Infrastructure.ClientErrorResultFilter.
2022-11-15 12:54:11.2531 TRACE Result Filter: After executing OnResultExecuted on filter Microsoft.AspNetCore.Mvc.Infrastructure.ClientErrorResultFilter.
2022-11-15 12:54:11.2531 INFO Executed action FundooNoteApp.Controllers.UserController.ForgetPassword (FundooNoteApp) in 896.7814ms
2022-11-15 12:54:11.2531 INFO Executed endpoint 'FundooNoteApp.Controllers.UserController.ForgetPassword (FundooNoteApp)'
2022-11-15 12:54:11.2531 DEBUG 'FundooContext' disposed.
2022-11-15 12:54:11.2531 INFO Request finished in 903.1134ms 200 application/json; charset=utf-8
2022-11-15 13:29:59.4938 DEBUG Hosting starting
2022-11-15 13:29:59.6133 INFO User profile is available. Using 'C:\Users\world\AppData\Local\ASP.NET\DataProtection-Keys' as key repository and Windows DPAPI to encrypt keys at rest.
2022-11-15 13:29:59.6314 DEBUG Reading data from file 'C:\Users\world\AppData\Local\ASP.NET\DataProtection-Keys\key-466e9856-e694-4e5b-8f46-c435783b298d.xml'.
2022-11-15 13:29:59.6314 DEBUG Found key {466e9856-e694-4e5b-8f46-c435783b298d}.
2022-11-15 13:29:59.6525 DEBUG Considering key {466e9856-e694-4e5b-8f46-c435783b298d} with expiration date 2023-01-19 10:47:02Z as default key.
2022-11-15 13:29:59.7077 DEBUG Forwarded activator type request from Microsoft.AspNetCore.DataProtection.XmlEncryption.DpapiXmlDecryptor, Microsoft.AspNetCore.DataProtection, Version=3.1.30.0, Culture=neutral, PublicKeyToken=adb9793829ddae60 to Microsoft.AspNetCore.DataProtection.XmlEncryption.DpapiXmlDecryptor, Microsoft.AspNetCore.DataProtection, Culture=neutral, PublicKeyToken=adb9793829ddae60
2022-11-15 13:29:59.7077 DEBUG Decrypting secret element using Windows DPAPI.
2022-11-15 13:29:59.7077 DEBUG Forwarded activator type request from Microsoft.AspNetCore.DataProtection.AuthenticatedEncryption.ConfigurationModel.AuthenticatedEncryptorDescriptorDeserializer, Microsoft.AspNetCore.DataProtection, Version=3.1.30.0, Culture=neutral, PublicKeyToken=adb9793829ddae60 to Microsoft.AspNetCore.DataProtection.AuthenticatedEncryption.ConfigurationModel.AuthenticatedEncryptorDescriptorDeserializer, Microsoft.AspNetCore.DataProtection, Culture=neutral, PublicKeyToken=adb9793829ddae60
2022-11-15 13:29:59.7077 DEBUG Opening CNG algorithm 'AES' from provider '(null)' with chaining mode CBC.
2022-11-15 13:29:59.7077 DEBUG Opening CNG algorithm 'SHA256' from provider '(null)' with HMAC.
2022-11-15 13:29:59.7077 DEBUG Using key {466e9856-e694-4e5b-8f46-c435783b298d} as the default key.
2022-11-15 13:29:59.7077 DEBUG Key ring with default key {466e9856-e694-4e5b-8f46-c435783b298d} was loaded during application startup.
2022-11-15 13:29:59.9955 DEBUG Loaded hosting startup assembly FundooNoteApp
2022-11-15 13:29:59.9955 DEBUG Loaded hosting startup assembly Microsoft.AspNetCore.Watch.BrowserRefresh
2022-11-15 13:29:59.9955 DEBUG Loaded hosting startup assembly Microsoft.WebTools.BrowserLink.Net
2022-11-15 13:29:59.9955 INFO Application started. Press Ctrl+C to shut down.
2022-11-15 13:29:59.9955 INFO Hosting environment: Development
2022-11-15 13:29:59.9955 INFO Content root path: E:\CFP201\FundooNoteApp
2022-11-15 13:29:59.9955 DEBUG Hosting started
2022-11-15 13:30:00.0786 INFO Request starting HTTP/2.0 GET https://localhost:44377/weatherforecast  
2022-11-15 13:30:00.1106 DEBUG Wildcard detected, all requests with hosts will be allowed.
2022-11-15 13:30:00.1106 TRACE All hosts are allowed.
2022-11-15 13:30:00.1442 DEBUG 1 candidate(s) found for the request path '/weatherforecast'
2022-11-15 13:30:00.1442 DEBUG Endpoint 'FundooNoteApp.Controllers.WeatherForecastController.Get (FundooNoteApp)' with route pattern 'WeatherForecast' is valid for the request path '/weatherforecast'
2022-11-15 13:30:00.1442 DEBUG Request matched endpoint 'FundooNoteApp.Controllers.WeatherForecastController.Get (FundooNoteApp)'
2022-11-15 13:30:00.2452 DEBUG AuthenticationScheme: Bearer was not authenticated.
2022-11-15 13:30:00.2452 INFO Executing endpoint 'FundooNoteApp.Controllers.WeatherForecastController.Get (FundooNoteApp)'
2022-11-15 13:30:00.2630 DEBUG Registered model binder providers, in the following order: Microsoft.AspNetCore.Mvc.ModelBinding.Binders.BinderTypeModelBinderProvider, Microsoft.AspNetCore.Mvc.ModelBinding.Binders.ServicesModelBinderProvider, Microsoft.AspNetCore.Mvc.ModelBinding.Binders.BodyModelBinderProvider, Microsoft.AspNetCore.Mvc.ModelBinding.Binders.HeaderModelBinderProvider, Microsoft.AspNetCore.Mvc.ModelBinding.Binders.FloatingPointTypeModelBinderProvider, Microsoft.AspNetCore.Mvc.ModelBinding.Binders.EnumTypeModelBinderProvider, Microsoft.AspNetCore.Mvc.ModelBinding.Binders.SimpleTypeModelBinderProvider, Microsoft.AspNetCore.Mvc.ModelBinding.Binders.CancellationTokenModelBinderProvider, Microsoft.AspNetCore.Mvc.ModelBinding.Binders.ByteArrayModelBinderProvider, Microsoft.AspNetCore.Mvc.ModelBinding.Binders.FormFileModelBinderProvider, Microsoft.AspNetCore.Mvc.ModelBinding.Binders.FormCollectionModelBinderProvider, Microsoft.AspNetCore.Mvc.ModelBinding.Binders.KeyValuePairModelBinderProvider, Microsoft.AspNetCore.Mvc.ModelBinding.Binders.DictionaryModelBinderProvider, Microsoft.AspNetCore.Mvc.ModelBinding.Binders.ArrayModelBinderProvider, Microsoft.AspNetCore.Mvc.ModelBinding.Binders.CollectionModelBinderProvider, Microsoft.AspNetCore.Mvc.ModelBinding.Binders.ComplexTypeModelBinderProvider
2022-11-15 13:30:00.2970 INFO Route matched with {action = "Get", controller = "WeatherForecast"}. Executing controller action with signature System.Collections.Generic.IEnumerable`1[FundooNoteApp.WeatherForecast] Get() on controller FundooNoteApp.Controllers.WeatherForecastController (FundooNoteApp).
2022-11-15 13:30:00.2970 DEBUG Execution plan of authorization filters (in the following order): None
2022-11-15 13:30:00.2970 DEBUG Execution plan of resource filters (in the following order): None
2022-11-15 13:30:00.2970 DEBUG Execution plan of action filters (in the following order): Microsoft.AspNetCore.Mvc.ModelBinding.UnsupportedContentTypeFilter (Order: -3000), Microsoft.AspNetCore.Mvc.Infrastructure.ModelStateInvalidFilter (Order: -2000)
2022-11-15 13:30:00.2970 DEBUG Execution plan of exception filters (in the following order): None
2022-11-15 13:30:00.2970 DEBUG Execution plan of result filters (in the following order): Microsoft.AspNetCore.Mvc.Infrastructure.ClientErrorResultFilter (Order: -2000)
2022-11-15 13:30:00.3007 DEBUG Executing controller factory for controller FundooNoteApp.Controllers.WeatherForecastController (FundooNoteApp)
2022-11-15 13:30:00.3007 DEBUG Executed controller factory for controller FundooNoteApp.Controllers.WeatherForecastController (FundooNoteApp)
2022-11-15 13:30:00.3007 TRACE Action Filter: Before executing OnActionExecuting on filter Microsoft.AspNetCore.Mvc.ModelBinding.UnsupportedContentTypeFilter.
2022-11-15 13:30:00.3007 TRACE Action Filter: After executing OnActionExecuting on filter Microsoft.AspNetCore.Mvc.ModelBinding.UnsupportedContentTypeFilter.
2022-11-15 13:30:00.3007 TRACE Action Filter: Before executing OnActionExecuting on filter Microsoft.AspNetCore.Mvc.Infrastructure.ModelStateInvalidFilter.
2022-11-15 13:30:00.3007 TRACE Action Filter: After executing OnActionExecuting on filter Microsoft.AspNetCore.Mvc.Infrastructure.ModelStateInvalidFilter.
2022-11-15 13:30:00.3007 INFO Executing action method FundooNoteApp.Controllers.WeatherForecastController.Get (FundooNoteApp) - Validation state: Valid
2022-11-15 13:30:00.3007 INFO Executed action method FundooNoteApp.Controllers.WeatherForecastController.Get (FundooNoteApp), returned result Microsoft.AspNetCore.Mvc.ObjectResult in 1.9726ms.
2022-11-15 13:30:00.3007 TRACE Action Filter: Before executing OnActionExecuted on filter Microsoft.AspNetCore.Mvc.Infrastructure.ModelStateInvalidFilter.
2022-11-15 13:30:00.3007 TRACE Action Filter: After executing OnActionExecuted on filter Microsoft.AspNetCore.Mvc.Infrastructure.ModelStateInvalidFilter.
2022-11-15 13:30:00.3007 TRACE Action Filter: Before executing OnActionExecuted on filter Microsoft.AspNetCore.Mvc.ModelBinding.UnsupportedContentTypeFilter.
2022-11-15 13:30:00.3007 TRACE Action Filter: After executing OnActionExecuted on filter Microsoft.AspNetCore.Mvc.ModelBinding.UnsupportedContentTypeFilter.
2022-11-15 13:30:00.3157 TRACE Result Filter: Before executing OnResultExecuting on filter Microsoft.AspNetCore.Mvc.Infrastructure.ClientErrorResultFilter.
2022-11-15 13:30:00.3157 TRACE Result Filter: After executing OnResultExecuting on filter Microsoft.AspNetCore.Mvc.Infrastructure.ClientErrorResultFilter.
2022-11-15 13:30:00.3157 TRACE Before executing action result Microsoft.AspNetCore.Mvc.ObjectResult.
2022-11-15 13:30:00.3157 DEBUG List of registered output formatters, in the following order: Microsoft.AspNetCore.Mvc.Formatters.HttpNoContentOutputFormatter, Microsoft.AspNetCore.Mvc.Formatters.StringOutputFormatter, Microsoft.AspNetCore.Mvc.Formatters.StreamOutputFormatter, Microsoft.AspNetCore.Mvc.Formatters.SystemTextJsonOutputFormatter
2022-11-15 13:30:00.3157 DEBUG No information found on request to perform content negotiation.
2022-11-15 13:30:00.3157 DEBUG Attempting to select an output formatter without using a content type as no explicit content types were specified for the response.
2022-11-15 13:30:00.3157 DEBUG Attempting to select the first formatter in the output formatters list which can write the result.
2022-11-15 13:30:00.3157 DEBUG Selected output formatter 'Microsoft.AspNetCore.Mvc.Formatters.SystemTextJsonOutputFormatter' and content type 'application/json' to write the response.
2022-11-15 13:30:00.3157 INFO Executing ObjectResult, writing value of type 'FundooNoteApp.WeatherForecast[]'.
2022-11-15 13:30:00.3711 TRACE After executing action result Microsoft.AspNetCore.Mvc.ObjectResult.
2022-11-15 13:30:00.3711 TRACE Result Filter: Before executing OnResultExecuted on filter Microsoft.AspNetCore.Mvc.Infrastructure.ClientErrorResultFilter.
2022-11-15 13:30:00.3711 TRACE Result Filter: After executing OnResultExecuted on filter Microsoft.AspNetCore.Mvc.Infrastructure.ClientErrorResultFilter.
2022-11-15 13:30:00.3711 INFO Executed action FundooNoteApp.Controllers.WeatherForecastController.Get (FundooNoteApp) in 71.7846ms
2022-11-15 13:30:00.3711 INFO Executed endpoint 'FundooNoteApp.Controllers.WeatherForecastController.Get (FundooNoteApp)'
2022-11-15 13:30:00.3807 INFO Request finished in 304.2212ms 200 application/json; charset=utf-8
2022-11-15 13:30:00.5483 INFO Request starting HTTP/2.0 GET https://localhost:44377/favicon.ico  
2022-11-15 13:30:00.5483 TRACE All hosts are allowed.
2022-11-15 13:30:00.5483 DEBUG No candidates found for the request path '/favicon.ico'
2022-11-15 13:30:00.5509 DEBUG Request did not match any endpoints
2022-11-15 13:30:00.5509 DEBUG AuthenticationScheme: Bearer was not authenticated.
2022-11-15 13:30:00.5811 DEBUG The request path  does not match the path filter
2022-11-15 13:30:00.5825 INFO Request finished in 34.1577ms 404 
2022-11-15 13:30:09.4646 INFO Request starting HTTP/2.0 GET https://localhost:44377/swagger/index.html  
2022-11-15 13:30:09.4646 TRACE All hosts are allowed.
2022-11-15 13:30:09.4646 DEBUG No candidates found for the request path '/swagger/index.html'
2022-11-15 13:30:09.4721 DEBUG Request did not match any endpoints
2022-11-15 13:30:09.4721 DEBUG AuthenticationScheme: Bearer was not authenticated.
2022-11-15 13:30:09.5084 DEBUG Response markup is scheduled to include browser refresh script injection.
2022-11-15 13:30:09.6251 DEBUG Response markup was updated to include browser refresh script injection.
2022-11-15 13:30:09.6251 INFO Request finished in 163.3431ms 200 text/html;charset=utf-8
2022-11-15 13:30:09.7847 INFO Request starting HTTP/2.0 GET https://localhost:44377/_framework/aspnetcore-browser-refresh.js  
2022-11-15 13:30:09.7847 INFO Request finished in 3.2825ms 200 application/javascript; charset=utf-8
2022-11-15 13:30:09.8455 INFO Request starting HTTP/2.0 GET https://localhost:44377/_framework/aspnetcore-browser-refresh.js  
2022-11-15 13:30:09.8470 INFO Request finished in 1.6772ms 200 application/javascript; charset=utf-8
2022-11-15 13:30:10.0750 INFO Request starting HTTP/2.0 GET https://localhost:44377/swagger/v1/swagger.json  
2022-11-15 13:30:10.0750 TRACE All hosts are allowed.
2022-11-15 13:30:10.0750 DEBUG No candidates found for the request path '/swagger/v1/swagger.json'
2022-11-15 13:30:10.0750 DEBUG Request did not match any endpoints
2022-11-15 13:30:10.0814 DEBUG AuthenticationScheme: Bearer was not authenticated.
2022-11-15 13:30:10.2996 INFO Request finished in 224.7461ms 200 application/json;charset=utf-8
2022-11-15 13:30:52.4991 INFO Request starting HTTP/2.0 OPTIONS https://localhost:44377/apiUser/ResetPassword  
2022-11-15 13:30:52.4991 TRACE All hosts are allowed.
2022-11-15 13:30:52.4991 DEBUG No candidates found for the request path '/apiUser/ResetPassword'
2022-11-15 13:30:52.4991 DEBUG Request did not match any endpoints
2022-11-15 13:30:52.5011 DEBUG The request has an origin header: 'http://localhost:4200'.
2022-11-15 13:30:52.5011 INFO CORS policy execution successful.
2022-11-15 13:30:52.5011 DEBUG The request is a preflight request.
2022-11-15 13:30:52.5011 INFO Request finished in 4.6378ms 204 
2022-11-15 13:30:52.5011 DEBUG Connection ID "18302628895834243079" disconnecting.
2022-11-15 13:30:52.5011 INFO Request starting HTTP/2.0 PUT https://localhost:44377/apiUser/ResetPassword application/json 80
2022-11-15 13:30:52.5011 TRACE All hosts are allowed.
2022-11-15 13:30:52.5011 DEBUG No candidates found for the request path '/apiUser/ResetPassword'
2022-11-15 13:30:52.5011 DEBUG Request did not match any endpoints
2022-11-15 13:30:52.5011 DEBUG The request has an origin header: 'http://localhost:4200'.
2022-11-15 13:30:52.5011 INFO CORS policy execution successful.
2022-11-15 13:30:52.5011 DEBUG AuthenticationScheme: Bearer was not authenticated.
2022-11-15 13:30:52.5011 DEBUG PUT requests are not supported
2022-11-15 13:30:52.5011 INFO Request finished in 4.2043ms 404 
2022-11-15 13:31:36.3157 INFO Request starting HTTP/2.0 OPTIONS https://localhost:44377/api/User/ResetPassword  
2022-11-15 13:31:36.3157 TRACE All hosts are allowed.
2022-11-15 13:31:36.3157 DEBUG 1 candidate(s) found for the request path '/api/User/ResetPassword'
2022-11-15 13:31:36.3157 DEBUG Request matched endpoint '405 HTTP Method Not Supported'
2022-11-15 13:31:36.3157 DEBUG The request has an origin header: 'http://localhost:4200'.
2022-11-15 13:31:36.3157 INFO CORS policy execution successful.
2022-11-15 13:31:36.3157 DEBUG The request is a preflight request.
2022-11-15 13:31:36.3157 INFO Request finished in 10.9155ms 204 
2022-11-15 13:31:36.3337 INFO Request starting HTTP/2.0 PUT https://localhost:44377/api/User/ResetPassword application/json 80
2022-11-15 13:31:36.3337 TRACE All hosts are allowed.
2022-11-15 13:31:36.3337 DEBUG 1 candidate(s) found for the request path '/api/User/ResetPassword'
2022-11-15 13:31:36.3337 DEBUG Endpoint 'FundooNoteApp.Controllers.UserController.ResetPassword (FundooNoteApp)' with route pattern 'api/User/ResetPassword' is valid for the request path '/api/User/ResetPassword'
2022-11-15 13:31:36.3337 DEBUG Request matched endpoint 'FundooNoteApp.Controllers.UserController.ResetPassword (FundooNoteApp)'
2022-11-15 13:31:36.3337 DEBUG The request has an origin header: 'http://localhost:4200'.
2022-11-15 13:31:36.3337 INFO CORS policy execution successful.
2022-11-15 13:31:36.3337 DEBUG AuthenticationScheme: Bearer was not authenticated.
2022-11-15 13:31:36.3428 INFO Authorization failed.
2022-11-15 13:31:36.3428 INFO AuthenticationScheme: Bearer was challenged.
2022-11-15 13:31:36.3428 INFO Request finished in 16.7954ms 401 
2022-11-15 13:37:08.1121 DEBUG Hosting starting
2022-11-15 13:37:08.2226 INFO User profile is available. Using 'C:\Users\world\AppData\Local\ASP.NET\DataProtection-Keys' as key repository and Windows DPAPI to encrypt keys at rest.
2022-11-15 13:37:08.2450 DEBUG Reading data from file 'C:\Users\world\AppData\Local\ASP.NET\DataProtection-Keys\key-466e9856-e694-4e5b-8f46-c435783b298d.xml'.
2022-11-15 13:37:08.2632 DEBUG Found key {466e9856-e694-4e5b-8f46-c435783b298d}.
2022-11-15 13:37:08.2823 DEBUG Considering key {466e9856-e694-4e5b-8f46-c435783b298d} with expiration date 2023-01-19 10:47:02Z as default key.
2022-11-15 13:37:08.3399 DEBUG Forwarded activator type request from Microsoft.AspNetCore.DataProtection.XmlEncryption.DpapiXmlDecryptor, Microsoft.AspNetCore.DataProtection, Version=3.1.30.0, Culture=neutral, PublicKeyToken=adb9793829ddae60 to Microsoft.AspNetCore.DataProtection.XmlEncryption.DpapiXmlDecryptor, Microsoft.AspNetCore.DataProtection, Culture=neutral, PublicKeyToken=adb9793829ddae60
2022-11-15 13:37:08.3399 DEBUG Decrypting secret element using Windows DPAPI.
2022-11-15 13:37:08.3399 DEBUG Forwarded activator type request from Microsoft.AspNetCore.DataProtection.AuthenticatedEncryption.ConfigurationModel.AuthenticatedEncryptorDescriptorDeserializer, Microsoft.AspNetCore.DataProtection, Version=3.1.30.0, Culture=neutral, PublicKeyToken=adb9793829ddae60 to Microsoft.AspNetCore.DataProtection.AuthenticatedEncryption.ConfigurationModel.AuthenticatedEncryptorDescriptorDeserializer, Microsoft.AspNetCore.DataProtection, Culture=neutral, PublicKeyToken=adb9793829ddae60
2022-11-15 13:37:08.3399 DEBUG Opening CNG algorithm 'AES' from provider '(null)' with chaining mode CBC.
2022-11-15 13:37:08.3485 DEBUG Opening CNG algorithm 'SHA256' from provider '(null)' with HMAC.
2022-11-15 13:37:08.3485 DEBUG Using key {466e9856-e694-4e5b-8f46-c435783b298d} as the default key.
2022-11-15 13:37:08.3485 DEBUG Key ring with default key {466e9856-e694-4e5b-8f46-c435783b298d} was loaded during application startup.
2022-11-15 13:37:08.6239 DEBUG Loaded hosting startup assembly FundooNoteApp
2022-11-15 13:37:08.6239 DEBUG Loaded hosting startup assembly Microsoft.AspNetCore.Watch.BrowserRefresh
2022-11-15 13:37:08.6239 DEBUG Loaded hosting startup assembly Microsoft.WebTools.BrowserLink.Net
2022-11-15 13:37:08.6239 INFO Application started. Press Ctrl+C to shut down.
2022-11-15 13:37:08.6239 INFO Hosting environment: Development
2022-11-15 13:37:08.6239 INFO Content root path: E:\CFP201\FundooNoteApp
2022-11-15 13:37:08.6239 DEBUG Hosting started
2022-11-15 13:37:08.6906 INFO Request starting HTTP/2.0 GET https://localhost:44377/weatherforecast  
2022-11-15 13:37:08.7244 DEBUG Wildcard detected, all requests with hosts will be allowed.
2022-11-15 13:37:08.7244 TRACE All hosts are allowed.
2022-11-15 13:37:08.7546 DEBUG 1 candidate(s) found for the request path '/weatherforecast'
2022-11-15 13:37:08.7546 DEBUG Endpoint 'FundooNoteApp.Controllers.WeatherForecastController.Get (FundooNoteApp)' with route pattern 'WeatherForecast' is valid for the request path '/weatherforecast'
2022-11-15 13:37:08.7546 DEBUG Request matched endpoint 'FundooNoteApp.Controllers.WeatherForecastController.Get (FundooNoteApp)'
2022-11-15 13:37:08.8574 DEBUG AuthenticationScheme: Bearer was not authenticated.
2022-11-15 13:37:08.8574 INFO Executing endpoint 'FundooNoteApp.Controllers.WeatherForecastController.Get (FundooNoteApp)'
2022-11-15 13:37:08.8706 DEBUG Registered model binder providers, in the following order: Microsoft.AspNetCore.Mvc.ModelBinding.Binders.BinderTypeModelBinderProvider, Microsoft.AspNetCore.Mvc.ModelBinding.Binders.ServicesModelBinderProvider, Microsoft.AspNetCore.Mvc.ModelBinding.Binders.BodyModelBinderProvider, Microsoft.AspNetCore.Mvc.ModelBinding.Binders.HeaderModelBinderProvider, Microsoft.AspNetCore.Mvc.ModelBinding.Binders.FloatingPointTypeModelBinderProvider, Microsoft.AspNetCore.Mvc.ModelBinding.Binders.EnumTypeModelBinderProvider, Microsoft.AspNetCore.Mvc.ModelBinding.Binders.SimpleTypeModelBinderProvider, Microsoft.AspNetCore.Mvc.ModelBinding.Binders.CancellationTokenModelBinderProvider, Microsoft.AspNetCore.Mvc.ModelBinding.Binders.ByteArrayModelBinderProvider, Microsoft.AspNetCore.Mvc.ModelBinding.Binders.FormFileModelBinderProvider, Microsoft.AspNetCore.Mvc.ModelBinding.Binders.FormCollectionModelBinderProvider, Microsoft.AspNetCore.Mvc.ModelBinding.Binders.KeyValuePairModelBinderProvider, Microsoft.AspNetCore.Mvc.ModelBinding.Binders.DictionaryModelBinderProvider, Microsoft.AspNetCore.Mvc.ModelBinding.Binders.ArrayModelBinderProvider, Microsoft.AspNetCore.Mvc.ModelBinding.Binders.CollectionModelBinderProvider, Microsoft.AspNetCore.Mvc.ModelBinding.Binders.ComplexTypeModelBinderProvider
2022-11-15 13:37:08.8896 INFO Route matched with {action = "Get", controller = "WeatherForecast"}. Executing controller action with signature System.Collections.Generic.IEnumerable`1[FundooNoteApp.WeatherForecast] Get() on controller FundooNoteApp.Controllers.WeatherForecastController (FundooNoteApp).
2022-11-15 13:37:08.8896 DEBUG Execution plan of authorization filters (in the following order): None
2022-11-15 13:37:08.8896 DEBUG Execution plan of resource filters (in the following order): None
2022-11-15 13:37:08.8896 DEBUG Execution plan of action filters (in the following order): Microsoft.AspNetCore.Mvc.ModelBinding.UnsupportedContentTypeFilter (Order: -3000), Microsoft.AspNetCore.Mvc.Infrastructure.ModelStateInvalidFilter (Order: -2000)
2022-11-15 13:37:08.8896 DEBUG Execution plan of exception filters (in the following order): None
2022-11-15 13:37:08.8896 DEBUG Execution plan of result filters (in the following order): Microsoft.AspNetCore.Mvc.Infrastructure.ClientErrorResultFilter (Order: -2000)
2022-11-15 13:37:08.8896 DEBUG Executing controller factory for controller FundooNoteApp.Controllers.WeatherForecastController (FundooNoteApp)
2022-11-15 13:37:08.8896 DEBUG Executed controller factory for controller FundooNoteApp.Controllers.WeatherForecastController (FundooNoteApp)
2022-11-15 13:37:08.8896 TRACE Action Filter: Before executing OnActionExecuting on filter Microsoft.AspNetCore.Mvc.ModelBinding.UnsupportedContentTypeFilter.
2022-11-15 13:37:08.8896 TRACE Action Filter: After executing OnActionExecuting on filter Microsoft.AspNetCore.Mvc.ModelBinding.UnsupportedContentTypeFilter.
2022-11-15 13:37:08.8896 TRACE Action Filter: Before executing OnActionExecuting on filter Microsoft.AspNetCore.Mvc.Infrastructure.ModelStateInvalidFilter.
2022-11-15 13:37:08.8896 TRACE Action Filter: After executing OnActionExecuting on filter Microsoft.AspNetCore.Mvc.Infrastructure.ModelStateInvalidFilter.
2022-11-15 13:37:08.9011 INFO Executing action method FundooNoteApp.Controllers.WeatherForecastController.Get (FundooNoteApp) - Validation state: Valid
2022-11-15 13:37:08.9011 INFO Executed action method FundooNoteApp.Controllers.WeatherForecastController.Get (FundooNoteApp), returned result Microsoft.AspNetCore.Mvc.ObjectResult in 1.987ms.
2022-11-15 13:37:08.9011 TRACE Action Filter: Before executing OnActionExecuted on filter Microsoft.AspNetCore.Mvc.Infrastructure.ModelStateInvalidFilter.
2022-11-15 13:37:08.9011 TRACE Action Filter: After executing OnActionExecuted on filter Microsoft.AspNetCore.Mvc.Infrastructure.ModelStateInvalidFilter.
2022-11-15 13:37:08.9011 TRACE Action Filter: Before executing OnActionExecuted on filter Microsoft.AspNetCore.Mvc.ModelBinding.UnsupportedContentTypeFilter.
2022-11-15 13:37:08.9011 TRACE Action Filter: After executing OnActionExecuted on filter Microsoft.AspNetCore.Mvc.ModelBinding.UnsupportedContentTypeFilter.
2022-11-15 13:37:08.9011 TRACE Result Filter: Before executing OnResultExecuting on filter Microsoft.AspNetCore.Mvc.Infrastructure.ClientErrorResultFilter.
2022-11-15 13:37:08.9011 TRACE Result Filter: After executing OnResultExecuting on filter Microsoft.AspNetCore.Mvc.Infrastructure.ClientErrorResultFilter.
2022-11-15 13:37:08.9011 TRACE Before executing action result Microsoft.AspNetCore.Mvc.ObjectResult.
2022-11-15 13:37:08.9102 DEBUG List of registered output formatters, in the following order: Microsoft.AspNetCore.Mvc.Formatters.HttpNoContentOutputFormatter, Microsoft.AspNetCore.Mvc.Formatters.StringOutputFormatter, Microsoft.AspNetCore.Mvc.Formatters.StreamOutputFormatter, Microsoft.AspNetCore.Mvc.Formatters.SystemTextJsonOutputFormatter
2022-11-15 13:37:08.9102 DEBUG No information found on request to perform content negotiation.
2022-11-15 13:37:08.9102 DEBUG Attempting to select an output formatter without using a content type as no explicit content types were specified for the response.
2022-11-15 13:37:08.9102 DEBUG Attempting to select the first formatter in the output formatters list which can write the result.
2022-11-15 13:37:08.9102 DEBUG Selected output formatter 'Microsoft.AspNetCore.Mvc.Formatters.SystemTextJsonOutputFormatter' and content type 'application/json' to write the response.
2022-11-15 13:37:08.9102 INFO Executing ObjectResult, writing value of type 'FundooNoteApp.WeatherForecast[]'.
2022-11-15 13:37:08.9578 TRACE After executing action result Microsoft.AspNetCore.Mvc.ObjectResult.
2022-11-15 13:37:08.9578 TRACE Result Filter: Before executing OnResultExecuted on filter Microsoft.AspNetCore.Mvc.Infrastructure.ClientErrorResultFilter.
2022-11-15 13:37:08.9578 TRACE Result Filter: After executing OnResultExecuted on filter Microsoft.AspNetCore.Mvc.Infrastructure.ClientErrorResultFilter.
2022-11-15 13:37:08.9578 INFO Executed action FundooNoteApp.Controllers.WeatherForecastController.Get (FundooNoteApp) in 66.9992ms
2022-11-15 13:37:08.9578 INFO Executed endpoint 'FundooNoteApp.Controllers.WeatherForecastController.Get (FundooNoteApp)'
2022-11-15 13:37:08.9578 INFO Request finished in 280.8045ms 200 application/json; charset=utf-8
2022-11-15 13:37:19.3050 INFO Request starting HTTP/2.0 GET https://localhost:44377/swagger/index.html  
2022-11-15 13:37:19.3050 TRACE All hosts are allowed.
2022-11-15 13:37:19.3050 DEBUG No candidates found for the request path '/swagger/index.html'
2022-11-15 13:37:19.3050 DEBUG Request did not match any endpoints
2022-11-15 13:37:19.3161 DEBUG AuthenticationScheme: Bearer was not authenticated.
2022-11-15 13:37:19.3864 DEBUG Response markup is scheduled to include browser refresh script injection.
2022-11-15 13:37:19.5474 DEBUG Response markup was updated to include browser refresh script injection.
2022-11-15 13:37:19.5510 INFO Request finished in 246.3432ms 200 text/html;charset=utf-8
2022-11-15 13:37:19.5696 INFO Request starting HTTP/2.0 GET https://localhost:44377/_framework/aspnetcore-browser-refresh.js  
2022-11-15 13:37:19.5696 INFO Request finished in 5.5498ms 200 application/javascript; charset=utf-8
2022-11-15 13:37:21.9360 INFO Request starting HTTP/2.0 GET https://localhost:44377/_framework/aspnetcore-browser-refresh.js  
2022-11-15 13:37:21.9432 INFO Request finished in 7.192ms 200 application/javascript; charset=utf-8
2022-11-15 13:37:22.2819 INFO Request starting HTTP/2.0 GET https://localhost:44377/swagger/v1/swagger.json  
2022-11-15 13:37:22.2819 TRACE All hosts are allowed.
2022-11-15 13:37:22.2875 DEBUG No candidates found for the request path '/swagger/v1/swagger.json'
2022-11-15 13:37:22.2875 DEBUG Request did not match any endpoints
2022-11-15 13:37:22.2875 DEBUG AuthenticationScheme: Bearer was not authenticated.
2022-11-15 13:37:22.5464 INFO Request finished in 264.5882ms 200 application/json;charset=utf-8
2022-11-15 13:37:31.0383 INFO Request starting HTTP/2.0 OPTIONS https://localhost:44377/api/User/ResetPassword  
2022-11-15 13:37:31.0383 TRACE All hosts are allowed.
2022-11-15 13:37:31.0383 DEBUG 1 candidate(s) found for the request path '/api/User/ResetPassword'
2022-11-15 13:37:31.0383 DEBUG Request matched endpoint '405 HTTP Method Not Supported'
2022-11-15 13:37:31.0383 DEBUG The request has an origin header: 'http://localhost:4200'.
2022-11-15 13:37:31.0383 INFO CORS policy execution successful.
2022-11-15 13:37:31.0383 DEBUG The request is a preflight request.
2022-11-15 13:37:31.0383 INFO Request finished in 9.4832ms 204 
2022-11-15 13:37:31.0547 DEBUG Connection ID "18158513707758387202" disconnecting.
2022-11-15 13:37:31.0547 INFO Request starting HTTP/2.0 PUT https://localhost:44377/api/User/ResetPassword application/json 80
2022-11-15 13:37:31.0547 TRACE All hosts are allowed.
2022-11-15 13:37:31.0547 DEBUG 1 candidate(s) found for the request path '/api/User/ResetPassword'
2022-11-15 13:37:31.0547 DEBUG Endpoint 'FundooNoteApp.Controllers.UserController.ResetPassword (FundooNoteApp)' with route pattern 'api/User/ResetPassword' is valid for the request path '/api/User/ResetPassword'
2022-11-15 13:37:31.0547 DEBUG Request matched endpoint 'FundooNoteApp.Controllers.UserController.ResetPassword (FundooNoteApp)'
2022-11-15 13:37:31.0547 DEBUG The request has an origin header: 'http://localhost:4200'.
2022-11-15 13:37:31.0547 INFO CORS policy execution successful.
2022-11-15 13:37:31.0547 DEBUG AuthenticationScheme: Bearer was not authenticated.
2022-11-15 13:37:31.0685 INFO Authorization failed.
2022-11-15 13:37:31.0685 INFO AuthenticationScheme: Bearer was challenged.
2022-11-15 13:37:31.0685 INFO Request finished in 20.1977ms 401 
2022-11-15 13:37:41.3875 INFO Request starting HTTP/2.0 OPTIONS https://localhost:44377/api/User/ResetPassword  
2022-11-15 13:37:41.3875 TRACE All hosts are allowed.
2022-11-15 13:37:41.3875 DEBUG 1 candidate(s) found for the request path '/api/User/ResetPassword'
2022-11-15 13:37:41.3875 DEBUG Request matched endpoint '405 HTTP Method Not Supported'
2022-11-15 13:37:41.3875 DEBUG The request has an origin header: 'http://localhost:4200'.
2022-11-15 13:37:41.3875 INFO CORS policy execution successful.
2022-11-15 13:37:41.3953 DEBUG The request is a preflight request.
2022-11-15 13:37:41.3953 INFO Request finished in 9.3364ms 204 
2022-11-15 13:37:41.3953 DEBUG Connection ID "18374686494167138311" disconnecting.
2022-11-15 13:37:41.3953 INFO Request starting HTTP/2.0 PUT https://localhost:44377/api/User/ResetPassword application/json 80
2022-11-15 13:37:41.3953 TRACE All hosts are allowed.
2022-11-15 13:37:41.3953 DEBUG 1 candidate(s) found for the request path '/api/User/ResetPassword'
2022-11-15 13:37:41.3953 DEBUG Endpoint 'FundooNoteApp.Controllers.UserController.ResetPassword (FundooNoteApp)' with route pattern 'api/User/ResetPassword' is valid for the request path '/api/User/ResetPassword'
2022-11-15 13:37:41.3953 DEBUG Request matched endpoint 'FundooNoteApp.Controllers.UserController.ResetPassword (FundooNoteApp)'
2022-11-15 13:37:41.3953 DEBUG The request has an origin header: 'http://localhost:4200'.
2022-11-15 13:37:41.3953 INFO CORS policy execution successful.
2022-11-15 13:37:41.3953 DEBUG AuthenticationScheme: Bearer was not authenticated.
2022-11-15 13:37:41.3953 INFO Authorization failed.
2022-11-15 13:37:41.3953 INFO AuthenticationScheme: Bearer was challenged.
2022-11-15 13:37:41.3953 INFO Request finished in 6.0223ms 401 
2022-11-15 15:20:30.4787 INFO Request starting HTTP/2.0 OPTIONS https://localhost:44377/api/User/ResetPassword  
2022-11-15 15:20:30.4787 TRACE All hosts are allowed.
2022-11-15 15:20:30.4787 DEBUG 1 candidate(s) found for the request path '/api/User/ResetPassword'
2022-11-15 15:20:30.4787 DEBUG Request matched endpoint '405 HTTP Method Not Supported'
2022-11-15 15:20:30.4787 DEBUG The request has an origin header: 'http://localhost:4200'.
2022-11-15 15:20:30.4787 INFO CORS policy execution successful.
2022-11-15 15:20:30.4787 DEBUG The request is a preflight request.
2022-11-15 15:20:30.4787 INFO Request finished in 2.6455ms 204 
2022-11-15 15:20:30.4787 DEBUG Connection ID "18086456113720459271" disconnecting.
2022-11-15 15:20:30.4787 INFO Request starting HTTP/2.0 PUT https://localhost:44377/api/User/ResetPassword application/json 78
2022-11-15 15:20:30.4787 TRACE All hosts are allowed.
2022-11-15 15:20:30.4787 DEBUG 1 candidate(s) found for the request path '/api/User/ResetPassword'
2022-11-15 15:20:30.4787 DEBUG Endpoint 'FundooNoteApp.Controllers.UserController.ResetPassword (FundooNoteApp)' with route pattern 'api/User/ResetPassword' is valid for the request path '/api/User/ResetPassword'
2022-11-15 15:20:30.4787 DEBUG Request matched endpoint 'FundooNoteApp.Controllers.UserController.ResetPassword (FundooNoteApp)'
2022-11-15 15:20:30.4787 DEBUG The request has an origin header: 'http://localhost:4200'.
2022-11-15 15:20:30.4787 INFO CORS policy execution successful.
2022-11-15 15:20:30.4787 DEBUG AuthenticationScheme: Bearer was not authenticated.
2022-11-15 15:20:30.4787 INFO Authorization failed.
2022-11-15 15:20:30.4787 INFO AuthenticationScheme: Bearer was challenged.
2022-11-15 15:20:30.4928 INFO Request finished in 4.1562ms 401 
2022-11-15 15:52:18.6016 INFO Request starting HTTP/2.0 OPTIONS https://localhost:44377/api/User/Register  
2022-11-15 15:52:18.6019 TRACE All hosts are allowed.
2022-11-15 15:52:18.6019 DEBUG 1 candidate(s) found for the request path '/api/User/Register'
2022-11-15 15:52:18.6019 DEBUG Request matched endpoint '405 HTTP Method Not Supported'
2022-11-15 15:52:18.6019 DEBUG The request has an origin header: 'http://localhost:4200'.
2022-11-15 15:52:18.6019 INFO CORS policy execution successful.
2022-11-15 15:52:18.6019 DEBUG The request is a preflight request.
2022-11-15 15:52:18.6019 INFO Request finished in 4.7958ms 204 
2022-11-15 15:52:18.6019 INFO Request starting HTTP/2.0 POST https://localhost:44377/api/User/Register application/json 118
2022-11-15 15:52:18.6019 TRACE All hosts are allowed.
2022-11-15 15:52:18.6019 DEBUG 1 candidate(s) found for the request path '/api/User/Register'
2022-11-15 15:52:18.6019 DEBUG Endpoint 'FundooNoteApp.Controllers.UserController.RegisterUser (FundooNoteApp)' with route pattern 'api/User/Register' is valid for the request path '/api/User/Register'
2022-11-15 15:52:18.6019 DEBUG Request matched endpoint 'FundooNoteApp.Controllers.UserController.RegisterUser (FundooNoteApp)'
2022-11-15 15:52:18.6019 DEBUG The request has an origin header: 'http://localhost:4200'.
2022-11-15 15:52:18.6019 INFO CORS policy execution successful.
2022-11-15 15:52:18.6019 DEBUG AuthenticationScheme: Bearer was not authenticated.
2022-11-15 15:52:18.6019 INFO Executing endpoint 'FundooNoteApp.Controllers.UserController.RegisterUser (FundooNoteApp)'
2022-11-15 15:52:18.6646 INFO Route matched with {action = "RegisterUser", controller = "User"}. Executing controller action with signature Microsoft.AspNetCore.Mvc.IActionResult RegisterUser(CommonLayer.Model.UserRegistrationModel) on controller FundooNoteApp.Controllers.UserController (FundooNoteApp).
2022-11-15 15:52:18.6646 DEBUG Execution plan of authorization filters (in the following order): None
2022-11-15 15:52:18.6646 DEBUG Execution plan of resource filters (in the following order): None
2022-11-15 15:52:18.6646 DEBUG Execution plan of action filters (in the following order): Microsoft.AspNetCore.Mvc.ModelBinding.UnsupportedContentTypeFilter (Order: -3000), Microsoft.AspNetCore.Mvc.Infrastructure.ModelStateInvalidFilter (Order: -2000)
2022-11-15 15:52:18.6646 DEBUG Execution plan of exception filters (in the following order): None
2022-11-15 15:52:18.6646 DEBUG Execution plan of result filters (in the following order): Microsoft.AspNetCore.Mvc.Infrastructure.ClientErrorResultFilter (Order: -2000)
2022-11-15 15:52:18.6646 DEBUG Executing controller factory for controller FundooNoteApp.Controllers.UserController (FundooNoteApp)
2022-11-15 15:52:18.9185 DEBUG An 'IServiceProvider' was created for internal use by Entity Framework.
2022-11-15 15:52:18.9454 DEBUG Executed controller factory for controller FundooNoteApp.Controllers.UserController (FundooNoteApp)
2022-11-15 15:52:18.9626 DEBUG Attempting to bind parameter 'userRegistrationModel' of type 'CommonLayer.Model.UserRegistrationModel' ...
2022-11-15 15:52:18.9626 DEBUG Attempting to bind parameter 'userRegistrationModel' of type 'CommonLayer.Model.UserRegistrationModel' using the name '' in request data ...
2022-11-15 15:52:18.9626 DEBUG Selected input formatter 'Microsoft.AspNetCore.Mvc.Formatters.SystemTextJsonInputFormatter' for content type 'application/json'.
2022-11-15 15:52:18.9868 DEBUG JSON input formatter succeeded, deserializing to type 'CommonLayer.Model.UserRegistrationModel'
2022-11-15 15:52:18.9868 DEBUG Done attempting to bind parameter 'userRegistrationModel' of type 'CommonLayer.Model.UserRegistrationModel'.
2022-11-15 15:52:18.9868 DEBUG Done attempting to bind parameter 'userRegistrationModel' of type 'CommonLayer.Model.UserRegistrationModel'.
2022-11-15 15:52:18.9868 DEBUG Attempting to validate the bound parameter 'userRegistrationModel' of type 'CommonLayer.Model.UserRegistrationModel' ...
2022-11-15 15:52:18.9938 DEBUG Done attempting to validate the bound parameter 'userRegistrationModel' of type 'CommonLayer.Model.UserRegistrationModel'.
2022-11-15 15:52:18.9938 TRACE Action Filter: Before executing OnActionExecuting on filter Microsoft.AspNetCore.Mvc.ModelBinding.UnsupportedContentTypeFilter.
2022-11-15 15:52:18.9938 TRACE Action Filter: After executing OnActionExecuting on filter Microsoft.AspNetCore.Mvc.ModelBinding.UnsupportedContentTypeFilter.
2022-11-15 15:52:18.9938 TRACE Action Filter: Before executing OnActionExecuting on filter Microsoft.AspNetCore.Mvc.Infrastructure.ModelStateInvalidFilter.
2022-11-15 15:52:18.9938 TRACE Action Filter: After executing OnActionExecuting on filter Microsoft.AspNetCore.Mvc.Infrastructure.ModelStateInvalidFilter.
2022-11-15 15:52:18.9938 INFO Executing action method FundooNoteApp.Controllers.UserController.RegisterUser (FundooNoteApp) - Validation state: Valid
2022-11-15 15:52:18.9938 TRACE Executing action method FundooNoteApp.Controllers.UserController.RegisterUser (FundooNoteApp) with arguments (CommonLayer.Model.UserRegistrationModel)
2022-11-15 15:52:19.5940 INFO Entity Framework Core 3.1.0 initialized 'FundooContext' using provider 'Microsoft.EntityFrameworkCore.SqlServer' with options: None
2022-11-15 15:52:19.6358 DEBUG 'FundooContext' generated a temporary value for the 'UserId' property of new 'UserEntity' entity. Consider using 'DbContextOptionsBuilder.EnableSensitiveDataLogging' to see key values.
2022-11-15 15:52:19.6990 DEBUG Context 'FundooContext' started tracking 'UserEntity' entity. Consider using 'DbContextOptionsBuilder.EnableSensitiveDataLogging' to see key values.
2022-11-15 15:52:19.6990 DEBUG SaveChanges starting for 'FundooContext'.
2022-11-15 15:52:19.6990 DEBUG DetectChanges starting for 'FundooContext'.
2022-11-15 15:52:19.7125 DEBUG DetectChanges completed for 'FundooContext'.
2022-11-15 15:52:19.8875 DEBUG Opening connection to database 'FundooDB' on server '(localdb)\MSSQLLocalDB'.
2022-11-15 15:52:21.6310 DEBUG Opened connection to database 'FundooDB' on server '(localdb)\MSSQLLocalDB'.
2022-11-15 15:52:21.6336 DEBUG Beginning transaction with isolation level 'Unspecified'.
2022-11-15 15:52:21.6336 DEBUG Began transaction with isolation level 'ReadCommitted'.
2022-11-15 15:52:21.7075 DEBUG Creating DbCommand for 'ExecuteReader'.
2022-11-15 15:52:21.7156 DEBUG Created DbCommand for 'ExecuteReader' (3ms).
2022-11-15 15:52:21.7527 DEBUG Executing DbCommand [Parameters=[@p0='?' (Size = 4000), @p1='?' (Size = 4000), @p2='?' (Size = 4000), @p3='?' (Size = 4000)], CommandType='Text', CommandTimeout='30']
SET NOCOUNT ON;
INSERT INTO [Usertable] ([Email], [FirstName], [LastName], [Password])
VALUES (@p0, @p1, @p2, @p3);
SELECT [UserId]
FROM [Usertable]
WHERE @@ROWCOUNT = 1 AND [UserId] = scope_identity();
2022-11-15 15:52:21.8538 INFO Executed DbCommand (120ms) [Parameters=[@p0='?' (Size = 4000), @p1='?' (Size = 4000), @p2='?' (Size = 4000), @p3='?' (Size = 4000)], CommandType='Text', CommandTimeout='30']
SET NOCOUNT ON;
INSERT INTO [Usertable] ([Email], [FirstName], [LastName], [Password])
VALUES (@p0, @p1, @p2, @p3);
SELECT [UserId]
FROM [Usertable]
WHERE @@ROWCOUNT = 1 AND [UserId] = scope_identity();
2022-11-15 15:52:21.8877 DEBUG Foreign key property 'UserEntity.UserId' detected as changed. Consider using 'DbContextOptionsBuilder.EnableSensitiveDataLogging' to see property values.
2022-11-15 15:52:21.8877 DEBUG A data reader was disposed.
2022-11-15 15:52:21.9011 DEBUG Committing transaction.
2022-11-15 15:52:21.9011 DEBUG Committing transaction.
2022-11-15 15:52:21.9011 DEBUG Closing connection to database 'FundooDB' on server '(localdb)\MSSQLLocalDB'.
2022-11-15 15:52:21.9011 DEBUG Closed connection to database 'FundooDB' on server '(localdb)\MSSQLLocalDB'.
2022-11-15 15:52:21.9011 DEBUG Disposing transaction.
2022-11-15 15:52:21.9233 DEBUG An 'UserEntity' entity tracked by 'FundooContext' changed from 'Added' to 'Unchanged'. Consider using 'DbContextOptionsBuilder.EnableSensitiveDataLogging' to see key values.
2022-11-15 15:52:21.9233 DEBUG SaveChanges completed for 'FundooContext' with 1 entities written to the database.
2022-11-15 15:52:21.9233 INFO User Registration Succesfull
2022-11-15 15:52:21.9233 INFO Executed action method FundooNoteApp.Controllers.UserController.RegisterUser (FundooNoteApp), returned result Microsoft.AspNetCore.Mvc.OkObjectResult in 2929.0915ms.
2022-11-15 15:52:21.9233 TRACE Action Filter: Before executing OnActionExecuted on filter Microsoft.AspNetCore.Mvc.Infrastructure.ModelStateInvalidFilter.
2022-11-15 15:52:21.9233 TRACE Action Filter: After executing OnActionExecuted on filter Microsoft.AspNetCore.Mvc.Infrastructure.ModelStateInvalidFilter.
2022-11-15 15:52:21.9233 TRACE Action Filter: Before executing OnActionExecuted on filter Microsoft.AspNetCore.Mvc.ModelBinding.UnsupportedContentTypeFilter.
2022-11-15 15:52:21.9233 TRACE Action Filter: After executing OnActionExecuted on filter Microsoft.AspNetCore.Mvc.ModelBinding.UnsupportedContentTypeFilter.
2022-11-15 15:52:21.9233 TRACE Result Filter: Before executing OnResultExecuting on filter Microsoft.AspNetCore.Mvc.Infrastructure.ClientErrorResultFilter.
2022-11-15 15:52:21.9233 TRACE Result Filter: After executing OnResultExecuting on filter Microsoft.AspNetCore.Mvc.Infrastructure.ClientErrorResultFilter.
2022-11-15 15:52:21.9233 TRACE Before executing action result Microsoft.AspNetCore.Mvc.OkObjectResult.
2022-11-15 15:52:21.9233 DEBUG List of registered output formatters, in the following order: Microsoft.AspNetCore.Mvc.Formatters.HttpNoContentOutputFormatter, Microsoft.AspNetCore.Mvc.Formatters.StringOutputFormatter, Microsoft.AspNetCore.Mvc.Formatters.StreamOutputFormatter, Microsoft.AspNetCore.Mvc.Formatters.SystemTextJsonOutputFormatter
2022-11-15 15:52:21.9233 DEBUG No information found on request to perform content negotiation.
2022-11-15 15:52:21.9233 DEBUG Attempting to select an output formatter without using a content type as no explicit content types were specified for the response.
2022-11-15 15:52:21.9233 DEBUG Attempting to select the first formatter in the output formatters list which can write the result.
2022-11-15 15:52:21.9233 DEBUG Selected output formatter 'Microsoft.AspNetCore.Mvc.Formatters.SystemTextJsonOutputFormatter' and content type 'application/json' to write the response.
2022-11-15 15:52:21.9233 INFO Executing ObjectResult, writing value of type '<>f__AnonymousType2`3[[System.Boolean, System.Private.CoreLib, Version=4.0.0.0, Culture=neutral, PublicKeyToken=7cec85d7bea7798e],[System.String, System.Private.CoreLib, Version=4.0.0.0, Culture=neutral, PublicKeyToken=7cec85d7bea7798e],[RepositoryLayer.Entity.UserEntity, RepositoryLayer, Version=1.0.0.0, Culture=neutral, PublicKeyToken=null]]'.
2022-11-15 15:52:21.9379 TRACE After executing action result Microsoft.AspNetCore.Mvc.OkObjectResult.
2022-11-15 15:52:21.9379 TRACE Result Filter: Before executing OnResultExecuted on filter Microsoft.AspNetCore.Mvc.Infrastructure.ClientErrorResultFilter.
2022-11-15 15:52:21.9379 TRACE Result Filter: After executing OnResultExecuted on filter Microsoft.AspNetCore.Mvc.Infrastructure.ClientErrorResultFilter.
2022-11-15 15:52:21.9379 INFO Executed action FundooNoteApp.Controllers.UserController.RegisterUser (FundooNoteApp) in 3272.6688ms
2022-11-15 15:52:21.9379 INFO Executed endpoint 'FundooNoteApp.Controllers.UserController.RegisterUser (FundooNoteApp)'
2022-11-15 15:52:21.9379 DEBUG 'FundooContext' disposed.
2022-11-15 15:52:21.9461 INFO Request finished in 3338.5485ms 200 application/json; charset=utf-8
